<?xml version="1.0" encoding="UTF-8"?>
<!-- Generated by org.testng.reporters.JUnitReportReporter -->
<testsuite skipped="0" hostname="DESKTOP-NKGS5J0" name="simple.Tests" tests="1" failures="0" timestamp="02 Dec 2019 06:34:30 GMT" time="25.170" errors="0">
  <testcase name="magentoLogin" time="25.170" classname="simple.Tests"/>
</testsuite> <!-- simple.Tests -->
